[ 2011-12-20T01:11:12+08:00 ] ERR: (ThinkException) 模板不存在[./WordDestructor//Tpl/default/Home/Public/base.html]
[ 2011-12-20T01:13:47+08:00 ] ERR: (ThinkException) 模板不存在[./WordDestructor//Tpl/default/Public/asdf/base.html]
[ 2011-12-20T01:13:52+08:00 ] ERR: (ThinkException) 模板不存在[./WordDestructor//Tpl/default/Home/Public/header.html]
[ 2011-12-20T01:25:41+08:00 ] ERR: (ThinkException) 模板不存在[./WordDestructor//Tpl/default/Home/Public/header.html]
[ 2011-12-20T01:25:42+08:00 ] ERR: (ThinkException) 模板不存在[./WordDestructor//Tpl/default/Home/Public/header.html]
[ 2011-12-20T01:25:42+08:00 ] ERR: (ThinkException) 模板不存在[./WordDestructor//Tpl/default/Home/Public/header.html]
[ 2011-12-20T01:25:43+08:00 ] ERR: (ThinkException) 模板不存在[./WordDestructor//Tpl/default/Home/Public/header.html]
[ 2011-12-20T01:25:43+08:00 ] ERR: (ThinkException) 模板不存在[./WordDestructor//Tpl/default/Home/Public/header.html]
[ 2011-12-20T01:25:43+08:00 ] ERR: (ThinkException) 模板不存在[./WordDestructor//Tpl/default/Home/Public/header.html]
[ 2011-12-20T01:25:50+08:00 ] ERR: (ThinkException) 模板不存在[./WordDestructor//Tpl/default/Home/Public/header.html]
[ 2011-12-20T01:25:50+08:00 ] ERR: (ThinkException) 模板不存在[./WordDestructor//Tpl/default/Home/Public/header.html]
[ 2011-12-20T01:25:51+08:00 ] ERR: (ThinkException) 模板不存在[./WordDestructor//Tpl/default/Home/Public/header.html]
[ 2011-12-20T01:25:51+08:00 ] ERR: (ThinkException) 模板不存在[./WordDestructor//Tpl/default/Home/Public/header.html]
[ 2011-12-20T11:27:01+08:00 ] NOTIC: [2] Missing argument 1 for UserAction::login() UserAction.class.php 第 27 行.
[ 2011-12-20T11:27:01+08:00 ] NOTIC: [8] Undefined variable: logInfo UserAction.class.php 第 33 行.
[ 2011-12-20T11:29:48+08:00 ] NOTIC: [2] Missing argument 1 for UserAction::login() UserAction.class.php 第 27 行.
[ 2011-12-20T11:29:48+08:00 ] NOTIC: [8] Undefined variable: logInfo UserAction.class.php 第 33 行.
[ 2011-12-20T11:30:45+08:00 ] NOTIC: [2] Missing argument 1 for UserAction::login() UserAction.class.php 第 27 行.
[ 2011-12-20T11:30:45+08:00 ] NOTIC: [8] Undefined variable: logInfo UserAction.class.php 第 33 行.
[ 2011-12-20T11:30:45+08:00 ] NOTIC: [8] Undefined variable: logInfo UserAction.class.php 第 34 行.
[ 2011-12-20T11:31:01+08:00 ] NOTIC: [2] Missing argument 1 for UserAction::login() UserAction.class.php 第 27 行.
[ 2011-12-20T11:31:01+08:00 ] NOTIC: [8] Undefined variable: logInfo UserAction.class.php 第 33 行.
[ 2011-12-20T11:31:01+08:00 ] NOTIC: [8] Undefined variable: logInfo UserAction.class.php 第 34 行.
[ 2011-12-20T11:32:04+08:00 ] NOTIC: [2] Missing argument 1 for UserAction::login() UserAction.class.php 第 27 行.
[ 2011-12-20T11:32:04+08:00 ] NOTIC: [8] Undefined variable: logInfo UserAction.class.php 第 33 行.
[ 2011-12-20T11:32:04+08:00 ] NOTIC: [8] Undefined variable: logInfo UserAction.class.php 第 34 行.
[ 2011-12-20T11:32:15+08:00 ] NOTIC: [2] Missing argument 1 for UserAction::login() UserAction.class.php 第 27 行.
[ 2011-12-20T11:32:15+08:00 ] NOTIC: [8] Undefined variable: logInfo UserAction.class.php 第 33 行.
[ 2011-12-20T11:32:15+08:00 ] NOTIC: [8] Undefined variable: logInfo UserAction.class.php 第 34 行.
[ 2011-12-20T11:32:25+08:00 ] NOTIC: [2] Missing argument 1 for UserAction::login() UserAction.class.php 第 27 行.
[ 2011-12-20T11:32:25+08:00 ] NOTIC: [8] Undefined variable: logInfo UserAction.class.php 第 33 行.
[ 2011-12-20T11:32:25+08:00 ] NOTIC: [8] Undefined variable: logInfo UserAction.class.php 第 34 行.
[ 2011-12-20T11:34:54+08:00 ] SQL: SHOW COLUMNS FROM `wd_user` [ RunTime:0.521281s ]
[ 2011-12-20T11:34:54+08:00 ] SQL: SELECT * FROM `wd_user` WHERE ( `username` = '123' ) AND ( `pwd` = '123' ) [ RunTime:0.101322s ]
[ 2011-12-20T11:34:57+08:00 ] SQL: SHOW COLUMNS FROM `wd_user` [ RunTime:0.061362s ]
[ 2011-12-20T11:34:57+08:00 ] SQL: SELECT * FROM `wd_user` WHERE ( `username` = '123' ) AND ( `pwd` = '123' ) [ RunTime:0.000513s ]
[ 2011-12-20T11:35:03+08:00 ] SQL: SHOW COLUMNS FROM `wd_user` [ RunTime:0.014059s ]
[ 2011-12-20T11:35:03+08:00 ] SQL: SELECT * FROM `wd_user` WHERE ( `username` = '123' ) AND ( `pwd` = '123' ) [ RunTime:0.000564s ]
[ 2011-12-20T11:37:22+08:00 ] SQL: SHOW COLUMNS FROM `wd_user` [ RunTime:0.014432s ]
[ 2011-12-20T11:37:22+08:00 ] SQL: SELECT * FROM `wd_user` WHERE ( `username` = 'liangpig1' ) AND ( `pwd` = '123456' ) [ RunTime:0.000533s ]
[ 2011-12-20T11:37:22+08:00 ] NOTIC: [8] Undefined variable: userID UserAction.class.php 第 38 行.
